<?xml version="1.0" encoding="UTF-8"?>
<!-- Generated by org.testng.reporters.JUnitReportReporter -->
<testsuite skipped="0" hostname="DESKTOP-PHOQIAV" name="testcase.tc_Login" tests="1" failures="0" timestamp="04 Jul 2018 10:22:59 GMT" time="164.827" errors="0">
  <testcase name="f" time="164.827" classname="testcase.tc_Login"/>
</testsuite> <!-- testcase.tc_Login -->
