<?xml version="1.0" encoding="UTF-8"?>
<!-- Generated by org.testng.reporters.JUnitReportReporter -->
<testsuite skipped="0" hostname="DESKTOP-PHOQIAV" name="testcase.tc_Login" tests="1" failures="0" timestamp="05 Jul 2018 01:16:24 GMT" time="37.775" errors="0">
  <testcase name="f" time="37.775" classname="testcase.tc_Login"/>
</testsuite> <!-- testcase.tc_Login -->
